<?xml version="1.0" encoding="UTF-8"?>
<testsuite xmlns:xsi="http://www.w3.org/2001/XMLSchema-instance" xsi:noNamespaceSchemaLocation="https://maven.apache.org/surefire/maven-surefire-plugin/xsd/surefire-test-report-3.0.xsd" version="3.0" name="org.cqfn.astranaut.core.base.ChildrenMapperTest" time="0.12" tests="16" errors="0" skipped="0" failures="0">
  <properties>
[...]
</properties>
  <testcase name="testOneNodeNotMapped" classname="org.cqfn.astranaut.core.base.ChildrenMapperTest" time="0.062"/>
  <testcase name="testSideBySideControversialOptionalNodes" classname="org.cqfn.astranaut.core.base.ChildrenMapperTest" time="0.002"/>
  <testcase name="testMappingWithInheritance" classname="org.cqfn.astranaut.core.base.ChildrenMapperTest" time="0.01"/>
  <testcase name="testAllNonOptionalChildrenMapping" classname="org.cqfn.astranaut.core.base.ChildrenMapperTest" time="0.002"/>
  <testcase name="testSeparatedControversialOptionalNodes" classname="org.cqfn.astranaut.core.base.ChildrenMapperTest" time="0.001"/>
  <testcase name="testIncorrectOrderChildren" classname="org.cqfn.astranaut.core.base.ChildrenMapperTest" time="0.001"/>
  <testcase name="testMissingNonOptionalChildMapping" classname="org.cqfn.astranaut.core.base.ChildrenMapperTest" time="0.001"/>
  <testcase name="testThreeControversialOptionalNodes" classname="org.cqfn.astranaut.core.base.ChildrenMapperTest" time="0.001"/>
  <testcase name="testExtraChildMapping" classname="org.cqfn.astranaut.core.base.ChildrenMapperTest" time="0.001"/>
  <testcase name="testNonOptionalAndOptionalOfSameTypeMapping" classname="org.cqfn.astranaut.core.base.ChildrenMapperTest" time="0.001"/>
  <testcase name="testIncorrectNumberOfChildren" classname="org.cqfn.astranaut.core.base.ChildrenMapperTest" time="0"/>
  <testcase name="testOnlyNonOptionalFromVariousChildrenMapping" classname="org.cqfn.astranaut.core.base.ChildrenMapperTest" time="0.001"/>
  <testcase name="testAllVariousChildrenMapping" classname="org.cqfn.astranaut.core.base.ChildrenMapperTest" time="0.001"/>
  <testcase name="testNonOptionalOfSameTypeAsOptionalMapping" classname="org.cqfn.astranaut.core.base.ChildrenMapperTest" time="0.001"/>
  <testcase name="testOneNotMatchedNode" classname="org.cqfn.astranaut.core.base.ChildrenMapperTest" time="0"/>
  <testcase name="testNonOptionalAndOptionalFromVariousChildrenMapping" classname="org.cqfn.astranaut.core.base.ChildrenMapperTest" time="0.001"/>
</testsuite>